2019-08-12T13:13:52.405Z - normal: Load ~/.CocosCreator/settings.json
2019-08-12T13:13:52.407Z - normal: checking language setting...
2019-08-12T13:13:52.407Z - normal: Language: zh
2019-08-12T13:13:54.051Z - success: protocol editor-framework registered
2019-08-12T13:13:54.051Z - success: protocol app registered
2019-08-12T13:13:54.051Z - success: protocol theme registered
2019-08-12T13:13:54.052Z - success: protocol packages registered
2019-08-12T13:13:54.052Z - success: protocol unpack registerred
2019-08-12T13:13:54.052Z - success: protocol disable-commonjs registerred
2019-08-12T13:13:54.231Z - normal: connected!
2019-08-12T13:13:54.233Z - normal: Check project I:\Github\CocosCreator\ShootBasketBallByLine
2019-08-12T13:13:54.234Z - normal: Initializing Cocos2d
2019-08-12T13:13:54.377Z - normal: Initializing Asset Database
2019-08-12T13:13:54.405Z - success: protocol uuid registerred
2019-08-12T13:13:54.405Z - success: protocol db registerred
2019-08-12T13:13:54.405Z - success: protocol thumbnail registerred
2019-08-12T13:13:54.405Z - normal: Loading editor/builtin packages
2019-08-12T13:13:54.419Z - success: anysdk loaded
2019-08-12T13:13:54.498Z - success: assets loaded
2019-08-12T13:13:54.501Z - success: builder loaded
2019-08-12T13:13:54.503Z - success: cocos-analytics loaded
2019-08-12T13:13:54.506Z - success: console loaded
2019-08-12T13:13:54.533Z - success: fb-instant-games loaded
2019-08-12T13:13:54.536Z - success: hierarchy loaded
2019-08-12T13:13:54.539Z - success: inspector loaded
2019-08-12T13:13:54.540Z - success: keystore loaded
2019-08-12T13:13:54.541Z - success: node-library loaded
2019-08-12T13:13:54.543Z - success: package-asset loaded
2019-08-12T13:13:54.546Z - success: preferences loaded
2019-08-12T13:13:54.547Z - success: project-exporter loaded
2019-08-12T13:13:54.562Z - success: project-importer loaded
2019-08-12T13:13:54.564Z - success: project-settings loaded
2019-08-12T13:13:54.566Z - success: ui-kit loaded
2019-08-12T13:13:54.568Z - success: ui-grid loaded
2019-08-12T13:13:54.570Z - success: scene loaded
2019-08-12T13:13:54.571Z - success: sprite-editor loaded
2019-08-12T13:13:54.574Z - success: store loaded
2019-08-12T13:13:54.577Z - success: timeline loaded
2019-08-12T13:13:54.577Z - normal: Loading builtin packages
2019-08-12T13:13:54.587Z - success: asset-db-debugger loaded
2019-08-12T13:13:54.589Z - success: code-editor loaded
2019-08-12T13:13:54.590Z - success: color-picker loaded
2019-08-12T13:13:54.592Z - success: package-manager loaded
2019-08-12T13:13:54.593Z - success: qqplay-adapter loaded
2019-08-12T13:13:54.599Z - success: sdkbox loaded
2019-08-12T13:13:54.601Z - success: tester loaded
2019-08-12T13:13:54.603Z - success: ui-kit-preview-extra loaded
2019-08-12T13:13:54.606Z - success: ui-kit-preview loaded
2019-08-12T13:13:54.607Z - success: ui-tree loaded
2019-08-12T13:13:54.607Z - success: weapp-adapter loaded
2019-08-12T13:13:55.321Z - normal: Initializing project I:\Github\CocosCreator\ShootBasketBallByLine
2019-08-12T13:13:55.323Z - normal: Loading packages
2019-08-12T13:13:55.328Z - normal: Watching packages
2019-08-12T13:13:55.598Z - normal: Run Application
2019-08-12T13:13:59.280Z - success: preview server running at http://localhost:7456
2019-08-12T13:14:03.233Z - normal: 1.9.3
2019-08-12T13:14:03.358Z - warn: Please specifiy a default value for "bgAudio" property at its declaration: 😂
    // Before:
    @property(...)
    value;

    // After:
    @property(...)
    value = 0;
2019-08-12T13:14:03.358Z - warn: Please specifiy a default value for "audioSource" property at its declaration: 😂
    // Before:
    @property(...)
    value;

    // After:
    @property(...)
    value = 0;
2019-08-12T13:14:03.362Z - warn: Please specifiy a default value for "backSprit" property at its declaration: 😂
    // Before:
    @property(...)
    value;

    // After:
    @property(...)
    value = 0;
2019-08-12T13:14:03.362Z - warn: Please specifiy a default value for "frontSprit" property at its declaration: 😂
    // Before:
    @property(...)
    value;

    // After:
    @property(...)
    value = 0;
2019-08-12T13:14:03.362Z - warn: Please specifiy a default value for "smallBasket" property at its declaration: 😂
    // Before:
    @property(...)
    value;

    // After:
    @property(...)
    value = 0;
2019-08-12T13:14:03.362Z - warn: Please specifiy a default value for "bigBasketL" property at its declaration: 😂
    // Before:
    @property(...)
    value;

    // After:
    @property(...)
    value = 0;
2019-08-12T13:14:03.362Z - warn: Please specifiy a default value for "bigBasketR" property at its declaration: 😂
    // Before:
    @property(...)
    value;

    // After:
    @property(...)
    value = 0;
2019-08-12T13:14:03.363Z - warn: Please specifiy a default value for "basketBackParent" property at its declaration: 😂
    // Before:
    @property(...)
    value;

    // After:
    @property(...)
    value = 0;
2019-08-12T13:14:03.363Z - warn: Please specifiy a default value for "basketFrontParent" property at its declaration: 😂
    // Before:
    @property(...)
    value;

    // After:
    @property(...)
    value = 0;
2019-08-12T13:14:03.363Z - warn: Please specifiy a default value for "basketParent" property at its declaration: 😂
    // Before:
    @property(...)
    value;

    // After:
    @property(...)
    value = 0;
2019-08-12T13:14:03.365Z - warn: Please specifiy a default value for "ballParent" property at its declaration: 😂
    // Before:
    @property(...)
    value;

    // After:
    @property(...)
    value = 0;
2019-08-12T13:14:03.365Z - warn: Please specifiy a default value for "ballGuide" property at its declaration: 😂
    // Before:
    @property(...)
    value;

    // After:
    @property(...)
    value = 0;
2019-08-12T13:14:03.365Z - warn: Please specifiy a default value for "bombGuide" property at its declaration: 😂
    // Before:
    @property(...)
    value;

    // After:
    @property(...)
    value = 0;
2019-08-12T13:14:03.365Z - warn: Please specifiy a default value for "ball" property at its declaration: 😂
    // Before:
    @property(...)
    value;

    // After:
    @property(...)
    value = 0;
2019-08-12T13:14:03.365Z - warn: Please specifiy a default value for "bomb" property at its declaration: 😂
    // Before:
    @property(...)
    value;

    // After:
    @property(...)
    value = 0;
2019-08-12T13:14:03.365Z - warn: Please specifiy a default value for "produceBasketManager" property at its declaration: 😂
    // Before:
    @property(...)
    value;

    // After:
    @property(...)
    value = 0;
2019-08-12T13:14:03.367Z - warn: Please specifiy a default value for "enterBallAni" property at its declaration: 😂
    // Before:
    @property(...)
    value;

    // After:
    @property(...)
    value = 0;
2019-08-12T13:14:03.367Z - warn: Please specifiy a default value for "score" property at its declaration: 😂
    // Before:
    @property(...)
    value;

    // After:
    @property(...)
    value = 0;
2019-08-12T13:14:03.367Z - warn: Please specifiy a default value for "bombBasket" property at its declaration: 😂
    // Before:
    @property(...)
    value;

    // After:
    @property(...)
    value = 0;
2019-08-12T13:14:03.367Z - warn: Please specifiy a default value for "lineDieParticlePrefab" property at its declaration: 😂
    // Before:
    @property(...)
    value;

    // After:
    @property(...)
    value = 0;
2019-08-12T13:14:03.371Z - warn: Should not specify class name MyPhysicsCollider for Component which defines in project.
2019-08-12T13:14:03.373Z - warn: Please specifiy a default value for "physicsNode" property at its declaration: 😂
    // Before:
    @property(...)
    value;

    // After:
    @property(...)
    value = 0;
2019-08-12T13:14:03.373Z - warn: Please specifiy a default value for "ballParent" property at its declaration: 😂
    // Before:
    @property(...)
    value;

    // After:
    @property(...)
    value = 0;
2019-08-12T13:14:03.373Z - warn: Please specifiy a default value for "linesParent" property at its declaration: 😂
    // Before:
    @property(...)
    value;

    // After:
    @property(...)
    value = 0;
2019-08-12T13:14:03.373Z - warn: Please specifiy a default value for "drawLineParticlePrefab" property at its declaration: 😂
    // Before:
    @property(...)
    value;

    // After:
    @property(...)
    value = 0;
2019-08-12T13:14:03.373Z - warn: Please specifiy a default value for "boomBasket" property at its declaration: 😂
    // Before:
    @property(...)
    value;

    // After:
    @property(...)
    value = 0;
2019-08-12T13:14:03.374Z - warn: Please specifiy a default value for "enterScenePanel" property at its declaration: 😂
    // Before:
    @property(...)
    value;

    // After:
    @property(...)
    value = 0;
2019-08-12T13:14:03.374Z - warn: Please specifiy a default value for "menuPanel" property at its declaration: 😂
    // Before:
    @property(...)
    value;

    // After:
    @property(...)
    value = 0;
2019-08-12T13:14:03.374Z - warn: Please specifiy a default value for "produceBasketManager" property at its declaration: 😂
    // Before:
    @property(...)
    value;

    // After:
    @property(...)
    value = 0;
2019-08-12T13:14:03.374Z - warn: Please specifiy a default value for "noticeAndProduceManager" property at its declaration: 😂
    // Before:
    @property(...)
    value;

    // After:
    @property(...)
    value = 0;
2019-08-12T13:14:03.379Z - warn: Please specifiy a default value for "effectPlayManager" property at its declaration: 😂
    // Before:
    @property(...)
    value;

    // After:
    @property(...)
    value = 0;
2019-08-12T13:14:03.379Z - warn: Please specifiy a default value for "levelDataManager" property at its declaration: 😂
    // Before:
    @property(...)
    value;

    // After:
    @property(...)
    value = 0;
2019-08-12T13:14:03.380Z - warn: Please specifiy a default value for "audioPlayManager" property at its declaration: 😂
    // Before:
    @property(...)
    value;

    // After:
    @property(...)
    value = 0;
2019-08-12T13:14:03.380Z - warn: Please specifiy a default value for "uiPanel" property at its declaration: 😂
    // Before:
    @property(...)
    value;

    // After:
    @property(...)
    value = 0;
2019-08-12T13:14:03.380Z - warn: Please specifiy a default value for "lineCount" property at its declaration: 😂
    // Before:
    @property(...)
    value;

    // After:
    @property(...)
    value = 0;
2019-08-12T13:14:03.380Z - warn: Please specifiy a default value for "boom0" property at its declaration: 😂
    // Before:
    @property(...)
    value;

    // After:
    @property(...)
    value = 0;
2019-08-12T13:14:03.380Z - warn: Please specifiy a default value for "boom1" property at its declaration: 😂
    // Before:
    @property(...)
    value;

    // After:
    @property(...)
    value = 0;
2019-08-12T13:14:03.380Z - warn: Please specifiy a default value for "boom2" property at its declaration: 😂
    // Before:
    @property(...)
    value;

    // After:
    @property(...)
    value = 0;
2019-08-12T13:14:03.380Z - warn: Please specifiy a default value for "boom3" property at its declaration: 😂
    // Before:
    @property(...)
    value;

    // After:
    @property(...)
    value = 0;
2019-08-12T13:14:03.405Z - normal: No need to specify the "type" of "R.path._scale" because cc.Vec2 is a child class of ValueType.
2019-08-12T13:14:03.405Z - normal: No need to specify the "type" of "R.path._position" because cc.Vec2 is a child class of ValueType.
2019-08-12T13:14:03.472Z - normal: No need to specify the "type" of "R.group._scale" because cc.Vec2 is a child class of ValueType.
2019-08-12T13:14:03.473Z - normal: No need to specify the "type" of "R.group._position" because cc.Vec2 is a child class of ValueType.
2019-08-12T13:38:02.121Z - warn: Please specifiy a default value for "bgAudio" property at its declaration: 😂
    // Before:
    @property(...)
    value;

    // After:
    @property(...)
    value = 0;
2019-08-12T13:38:02.122Z - warn: Please specifiy a default value for "audioSource" property at its declaration: 😂
    // Before:
    @property(...)
    value;

    // After:
    @property(...)
    value = 0;
2019-08-12T13:38:02.126Z - warn: Please specifiy a default value for "backSprit" property at its declaration: 😂
    // Before:
    @property(...)
    value;

    // After:
    @property(...)
    value = 0;
2019-08-12T13:38:02.126Z - warn: Please specifiy a default value for "frontSprit" property at its declaration: 😂
    // Before:
    @property(...)
    value;

    // After:
    @property(...)
    value = 0;
2019-08-12T13:38:02.126Z - warn: Please specifiy a default value for "smallBasket" property at its declaration: 😂
    // Before:
    @property(...)
    value;

    // After:
    @property(...)
    value = 0;
2019-08-12T13:38:02.126Z - warn: Please specifiy a default value for "bigBasketL" property at its declaration: 😂
    // Before:
    @property(...)
    value;

    // After:
    @property(...)
    value = 0;
2019-08-12T13:38:02.127Z - warn: Please specifiy a default value for "bigBasketR" property at its declaration: 😂
    // Before:
    @property(...)
    value;

    // After:
    @property(...)
    value = 0;
2019-08-12T13:38:02.127Z - warn: Please specifiy a default value for "basketBackParent" property at its declaration: 😂
    // Before:
    @property(...)
    value;

    // After:
    @property(...)
    value = 0;
2019-08-12T13:38:02.127Z - warn: Please specifiy a default value for "basketFrontParent" property at its declaration: 😂
    // Before:
    @property(...)
    value;

    // After:
    @property(...)
    value = 0;
2019-08-12T13:38:02.127Z - warn: Please specifiy a default value for "basketParent" property at its declaration: 😂
    // Before:
    @property(...)
    value;

    // After:
    @property(...)
    value = 0;
2019-08-12T13:38:02.128Z - warn: Please specifiy a default value for "ballParent" property at its declaration: 😂
    // Before:
    @property(...)
    value;

    // After:
    @property(...)
    value = 0;
2019-08-12T13:38:02.128Z - warn: Please specifiy a default value for "ballGuide" property at its declaration: 😂
    // Before:
    @property(...)
    value;

    // After:
    @property(...)
    value = 0;
2019-08-12T13:38:02.128Z - warn: Please specifiy a default value for "bombGuide" property at its declaration: 😂
    // Before:
    @property(...)
    value;

    // After:
    @property(...)
    value = 0;
2019-08-12T13:38:02.128Z - warn: Please specifiy a default value for "ball" property at its declaration: 😂
    // Before:
    @property(...)
    value;

    // After:
    @property(...)
    value = 0;
2019-08-12T13:38:02.128Z - warn: Please specifiy a default value for "bomb" property at its declaration: 😂
    // Before:
    @property(...)
    value;

    // After:
    @property(...)
    value = 0;
2019-08-12T13:38:02.129Z - warn: Please specifiy a default value for "produceBasketManager" property at its declaration: 😂
    // Before:
    @property(...)
    value;

    // After:
    @property(...)
    value = 0;
2019-08-12T13:38:02.130Z - warn: Please specifiy a default value for "enterBallAni" property at its declaration: 😂
    // Before:
    @property(...)
    value;

    // After:
    @property(...)
    value = 0;
2019-08-12T13:38:02.130Z - warn: Please specifiy a default value for "score" property at its declaration: 😂
    // Before:
    @property(...)
    value;

    // After:
    @property(...)
    value = 0;
2019-08-12T13:38:02.130Z - warn: Please specifiy a default value for "bombBasket" property at its declaration: 😂
    // Before:
    @property(...)
    value;

    // After:
    @property(...)
    value = 0;
2019-08-12T13:38:02.130Z - warn: Please specifiy a default value for "lineDieParticlePrefab" property at its declaration: 😂
    // Before:
    @property(...)
    value;

    // After:
    @property(...)
    value = 0;
2019-08-12T13:38:02.134Z - warn: Should not specify class name MyPhysicsCollider for Component which defines in project.
2019-08-12T13:38:02.137Z - warn: Please specifiy a default value for "physicsNode" property at its declaration: 😂
    // Before:
    @property(...)
    value;

    // After:
    @property(...)
    value = 0;
2019-08-12T13:38:02.137Z - warn: Please specifiy a default value for "ballParent" property at its declaration: 😂
    // Before:
    @property(...)
    value;

    // After:
    @property(...)
    value = 0;
2019-08-12T13:38:02.137Z - warn: Please specifiy a default value for "linesParent" property at its declaration: 😂
    // Before:
    @property(...)
    value;

    // After:
    @property(...)
    value = 0;
2019-08-12T13:38:02.137Z - warn: Please specifiy a default value for "drawLineParticlePrefab" property at its declaration: 😂
    // Before:
    @property(...)
    value;

    // After:
    @property(...)
    value = 0;
2019-08-12T13:38:02.137Z - warn: Please specifiy a default value for "boomBasket" property at its declaration: 😂
    // Before:
    @property(...)
    value;

    // After:
    @property(...)
    value = 0;
2019-08-12T13:38:02.137Z - warn: Please specifiy a default value for "enterScenePanel" property at its declaration: 😂
    // Before:
    @property(...)
    value;

    // After:
    @property(...)
    value = 0;
2019-08-12T13:38:02.137Z - warn: Please specifiy a default value for "menuPanel" property at its declaration: 😂
    // Before:
    @property(...)
    value;

    // After:
    @property(...)
    value = 0;
2019-08-12T13:38:02.137Z - warn: Please specifiy a default value for "produceBasketManager" property at its declaration: 😂
    // Before:
    @property(...)
    value;

    // After:
    @property(...)
    value = 0;
2019-08-12T13:38:02.137Z - warn: Please specifiy a default value for "noticeAndProduceManager" property at its declaration: 😂
    // Before:
    @property(...)
    value;

    // After:
    @property(...)
    value = 0;
2019-08-12T13:38:02.138Z - warn: Please specifiy a default value for "effectPlayManager" property at its declaration: 😂
    // Before:
    @property(...)
    value;

    // After:
    @property(...)
    value = 0;
2019-08-12T13:38:02.138Z - warn: Please specifiy a default value for "levelDataManager" property at its declaration: 😂
    // Before:
    @property(...)
    value;

    // After:
    @property(...)
    value = 0;
2019-08-12T13:38:02.138Z - warn: Please specifiy a default value for "audioPlayManager" property at its declaration: 😂
    // Before:
    @property(...)
    value;

    // After:
    @property(...)
    value = 0;
2019-08-12T13:38:02.138Z - warn: Please specifiy a default value for "uiPanel" property at its declaration: 😂
    // Before:
    @property(...)
    value;

    // After:
    @property(...)
    value = 0;
2019-08-12T13:38:02.138Z - warn: Please specifiy a default value for "lineCount" property at its declaration: 😂
    // Before:
    @property(...)
    value;

    // After:
    @property(...)
    value = 0;
2019-08-12T13:38:02.140Z - warn: Please specifiy a default value for "boom0" property at its declaration: 😂
    // Before:
    @property(...)
    value;

    // After:
    @property(...)
    value = 0;
2019-08-12T13:38:02.140Z - warn: Please specifiy a default value for "boom1" property at its declaration: 😂
    // Before:
    @property(...)
    value;

    // After:
    @property(...)
    value = 0;
2019-08-12T13:38:02.140Z - warn: Please specifiy a default value for "boom2" property at its declaration: 😂
    // Before:
    @property(...)
    value;

    // After:
    @property(...)
    value = 0;
2019-08-12T13:38:02.140Z - warn: Please specifiy a default value for "boom3" property at its declaration: 😂
    // Before:
    @property(...)
    value;

    // After:
    @property(...)
    value = 0;
2019-08-12T13:38:02.173Z - normal: No need to specify the "type" of "R.path._scale" because cc.Vec2 is a child class of ValueType.
2019-08-12T13:38:02.173Z - normal: No need to specify the "type" of "R.path._position" because cc.Vec2 is a child class of ValueType.
2019-08-12T13:38:02.175Z - normal: No need to specify the "type" of "R.group._scale" because cc.Vec2 is a child class of ValueType.
2019-08-12T13:38:02.175Z - normal: No need to specify the "type" of "R.group._position" because cc.Vec2 is a child class of ValueType.
2019-08-12T13:47:47.296Z - warn: Please specifiy a default value for "bgAudio" property at its declaration: 😂
    // Before:
    @property(...)
    value;

    // After:
    @property(...)
    value = 0;
2019-08-12T13:47:47.297Z - warn: Please specifiy a default value for "audioSource" property at its declaration: 😂
    // Before:
    @property(...)
    value;

    // After:
    @property(...)
    value = 0;
2019-08-12T13:47:47.299Z - warn: Please specifiy a default value for "backSprit" property at its declaration: 😂
    // Before:
    @property(...)
    value;

    // After:
    @property(...)
    value = 0;
2019-08-12T13:47:47.299Z - warn: Please specifiy a default value for "frontSprit" property at its declaration: 😂
    // Before:
    @property(...)
    value;

    // After:
    @property(...)
    value = 0;
2019-08-12T13:47:47.299Z - warn: Please specifiy a default value for "smallBasket" property at its declaration: 😂
    // Before:
    @property(...)
    value;

    // After:
    @property(...)
    value = 0;
2019-08-12T13:47:47.299Z - warn: Please specifiy a default value for "bigBasketL" property at its declaration: 😂
    // Before:
    @property(...)
    value;

    // After:
    @property(...)
    value = 0;
2019-08-12T13:47:47.299Z - warn: Please specifiy a default value for "bigBasketR" property at its declaration: 😂
    // Before:
    @property(...)
    value;

    // After:
    @property(...)
    value = 0;
2019-08-12T13:47:47.299Z - warn: Please specifiy a default value for "basketBackParent" property at its declaration: 😂
    // Before:
    @property(...)
    value;

    // After:
    @property(...)
    value = 0;
2019-08-12T13:47:47.299Z - warn: Please specifiy a default value for "basketFrontParent" property at its declaration: 😂
    // Before:
    @property(...)
    value;

    // After:
    @property(...)
    value = 0;
2019-08-12T13:47:47.300Z - warn: Please specifiy a default value for "basketParent" property at its declaration: 😂
    // Before:
    @property(...)
    value;

    // After:
    @property(...)
    value = 0;
2019-08-12T13:47:47.301Z - warn: Please specifiy a default value for "ballParent" property at its declaration: 😂
    // Before:
    @property(...)
    value;

    // After:
    @property(...)
    value = 0;
2019-08-12T13:47:47.301Z - warn: Please specifiy a default value for "ballGuide" property at its declaration: 😂
    // Before:
    @property(...)
    value;

    // After:
    @property(...)
    value = 0;
2019-08-12T13:47:47.301Z - warn: Please specifiy a default value for "bombGuide" property at its declaration: 😂
    // Before:
    @property(...)
    value;

    // After:
    @property(...)
    value = 0;
2019-08-12T13:47:47.301Z - warn: Please specifiy a default value for "ball" property at its declaration: 😂
    // Before:
    @property(...)
    value;

    // After:
    @property(...)
    value = 0;
2019-08-12T13:47:47.301Z - warn: Please specifiy a default value for "bomb" property at its declaration: 😂
    // Before:
    @property(...)
    value;

    // After:
    @property(...)
    value = 0;
2019-08-12T13:47:47.301Z - warn: Please specifiy a default value for "produceBasketManager" property at its declaration: 😂
    // Before:
    @property(...)
    value;

    // After:
    @property(...)
    value = 0;
2019-08-12T13:47:47.303Z - warn: Please specifiy a default value for "enterBallAni" property at its declaration: 😂
    // Before:
    @property(...)
    value;

    // After:
    @property(...)
    value = 0;
2019-08-12T13:47:47.303Z - warn: Please specifiy a default value for "score" property at its declaration: 😂
    // Before:
    @property(...)
    value;

    // After:
    @property(...)
    value = 0;
2019-08-12T13:47:47.303Z - warn: Please specifiy a default value for "bombBasket" property at its declaration: 😂
    // Before:
    @property(...)
    value;

    // After:
    @property(...)
    value = 0;
2019-08-12T13:47:47.303Z - warn: Please specifiy a default value for "lineDieParticlePrefab" property at its declaration: 😂
    // Before:
    @property(...)
    value;

    // After:
    @property(...)
    value = 0;
2019-08-12T13:47:47.308Z - warn: Should not specify class name MyPhysicsCollider for Component which defines in project.
2019-08-12T13:47:47.310Z - warn: Please specifiy a default value for "physicsNode" property at its declaration: 😂
    // Before:
    @property(...)
    value;

    // After:
    @property(...)
    value = 0;
2019-08-12T13:47:47.310Z - warn: Please specifiy a default value for "ballParent" property at its declaration: 😂
    // Before:
    @property(...)
    value;

    // After:
    @property(...)
    value = 0;
2019-08-12T13:47:47.311Z - warn: Please specifiy a default value for "linesParent" property at its declaration: 😂
    // Before:
    @property(...)
    value;

    // After:
    @property(...)
    value = 0;
2019-08-12T13:47:47.311Z - warn: Please specifiy a default value for "drawLineParticlePrefab" property at its declaration: 😂
    // Before:
    @property(...)
    value;

    // After:
    @property(...)
    value = 0;
2019-08-12T13:47:47.311Z - warn: Please specifiy a default value for "boomBasket" property at its declaration: 😂
    // Before:
    @property(...)
    value;

    // After:
    @property(...)
    value = 0;
2019-08-12T13:47:47.311Z - warn: Please specifiy a default value for "enterScenePanel" property at its declaration: 😂
    // Before:
    @property(...)
    value;

    // After:
    @property(...)
    value = 0;
2019-08-12T13:47:47.311Z - warn: Please specifiy a default value for "menuPanel" property at its declaration: 😂
    // Before:
    @property(...)
    value;

    // After:
    @property(...)
    value = 0;
2019-08-12T13:47:47.311Z - warn: Please specifiy a default value for "produceBasketManager" property at its declaration: 😂
    // Before:
    @property(...)
    value;

    // After:
    @property(...)
    value = 0;
2019-08-12T13:47:47.311Z - warn: Please specifiy a default value for "noticeAndProduceManager" property at its declaration: 😂
    // Before:
    @property(...)
    value;

    // After:
    @property(...)
    value = 0;
2019-08-12T13:47:47.311Z - warn: Please specifiy a default value for "effectPlayManager" property at its declaration: 😂
    // Before:
    @property(...)
    value;

    // After:
    @property(...)
    value = 0;
2019-08-12T13:47:47.311Z - warn: Please specifiy a default value for "levelDataManager" property at its declaration: 😂
    // Before:
    @property(...)
    value;

    // After:
    @property(...)
    value = 0;
2019-08-12T13:47:47.312Z - warn: Please specifiy a default value for "audioPlayManager" property at its declaration: 😂
    // Before:
    @property(...)
    value;

    // After:
    @property(...)
    value = 0;
2019-08-12T13:47:47.312Z - warn: Please specifiy a default value for "uiPanel" property at its declaration: 😂
    // Before:
    @property(...)
    value;

    // After:
    @property(...)
    value = 0;
2019-08-12T13:47:47.312Z - warn: Please specifiy a default value for "lineCount" property at its declaration: 😂
    // Before:
    @property(...)
    value;

    // After:
    @property(...)
    value = 0;
2019-08-12T13:47:47.314Z - warn: Please specifiy a default value for "boom0" property at its declaration: 😂
    // Before:
    @property(...)
    value;

    // After:
    @property(...)
    value = 0;
2019-08-12T13:47:47.315Z - warn: Please specifiy a default value for "boom1" property at its declaration: 😂
    // Before:
    @property(...)
    value;

    // After:
    @property(...)
    value = 0;
2019-08-12T13:47:47.316Z - warn: Please specifiy a default value for "boom2" property at its declaration: 😂
    // Before:
    @property(...)
    value;

    // After:
    @property(...)
    value = 0;
2019-08-12T13:47:47.316Z - warn: Please specifiy a default value for "boom3" property at its declaration: 😂
    // Before:
    @property(...)
    value;

    // After:
    @property(...)
    value = 0;
2019-08-12T13:47:47.395Z - normal: No need to specify the "type" of "R.path._scale" because cc.Vec2 is a child class of ValueType.
2019-08-12T13:47:47.396Z - normal: No need to specify the "type" of "R.path._position" because cc.Vec2 is a child class of ValueType.
2019-08-12T13:47:47.396Z - normal: No need to specify the "type" of "R.group._scale" because cc.Vec2 is a child class of ValueType.
2019-08-12T13:47:47.396Z - normal: No need to specify the "type" of "R.group._position" because cc.Vec2 is a child class of ValueType.
2019-08-12T13:49:42.684Z - warn: Please specifiy a default value for "bgAudio" property at its declaration: 😂
    // Before:
    @property(...)
    value;

    // After:
    @property(...)
    value = 0;
2019-08-12T13:49:42.686Z - warn: Please specifiy a default value for "audioSource" property at its declaration: 😂
    // Before:
    @property(...)
    value;

    // After:
    @property(...)
    value = 0;
2019-08-12T13:49:42.687Z - warn: Please specifiy a default value for "backSprit" property at its declaration: 😂
    // Before:
    @property(...)
    value;

    // After:
    @property(...)
    value = 0;
2019-08-12T13:49:42.687Z - warn: Please specifiy a default value for "frontSprit" property at its declaration: 😂
    // Before:
    @property(...)
    value;

    // After:
    @property(...)
    value = 0;
2019-08-12T13:49:42.687Z - warn: Please specifiy a default value for "smallBasket" property at its declaration: 😂
    // Before:
    @property(...)
    value;

    // After:
    @property(...)
    value = 0;
2019-08-12T13:49:42.687Z - warn: Please specifiy a default value for "bigBasketL" property at its declaration: 😂
    // Before:
    @property(...)
    value;

    // After:
    @property(...)
    value = 0;
2019-08-12T13:49:42.687Z - warn: Please specifiy a default value for "bigBasketR" property at its declaration: 😂
    // Before:
    @property(...)
    value;

    // After:
    @property(...)
    value = 0;
2019-08-12T13:49:42.687Z - warn: Please specifiy a default value for "basketBackParent" property at its declaration: 😂
    // Before:
    @property(...)
    value;

    // After:
    @property(...)
    value = 0;
2019-08-12T13:49:42.687Z - warn: Please specifiy a default value for "basketFrontParent" property at its declaration: 😂
    // Before:
    @property(...)
    value;

    // After:
    @property(...)
    value = 0;
2019-08-12T13:49:42.687Z - warn: Please specifiy a default value for "basketParent" property at its declaration: 😂
    // Before:
    @property(...)
    value;

    // After:
    @property(...)
    value = 0;
2019-08-12T13:49:42.687Z - warn: Please specifiy a default value for "ballParent" property at its declaration: 😂
    // Before:
    @property(...)
    value;

    // After:
    @property(...)
    value = 0;
2019-08-12T13:49:42.688Z - warn: Please specifiy a default value for "ballGuide" property at its declaration: 😂
    // Before:
    @property(...)
    value;

    // After:
    @property(...)
    value = 0;
2019-08-12T13:49:42.688Z - warn: Please specifiy a default value for "bombGuide" property at its declaration: 😂
    // Before:
    @property(...)
    value;

    // After:
    @property(...)
    value = 0;
2019-08-12T13:49:42.688Z - warn: Please specifiy a default value for "ball" property at its declaration: 😂
    // Before:
    @property(...)
    value;

    // After:
    @property(...)
    value = 0;
2019-08-12T13:49:42.688Z - warn: Please specifiy a default value for "bomb" property at its declaration: 😂
    // Before:
    @property(...)
    value;

    // After:
    @property(...)
    value = 0;
2019-08-12T13:49:42.688Z - warn: Please specifiy a default value for "produceBasketManager" property at its declaration: 😂
    // Before:
    @property(...)
    value;

    // After:
    @property(...)
    value = 0;
2019-08-12T13:49:42.688Z - warn: Please specifiy a default value for "enterBallAni" property at its declaration: 😂
    // Before:
    @property(...)
    value;

    // After:
    @property(...)
    value = 0;
2019-08-12T13:49:42.689Z - warn: Please specifiy a default value for "score" property at its declaration: 😂
    // Before:
    @property(...)
    value;

    // After:
    @property(...)
    value = 0;
2019-08-12T13:49:42.689Z - warn: Please specifiy a default value for "bombBasket" property at its declaration: 😂
    // Before:
    @property(...)
    value;

    // After:
    @property(...)
    value = 0;
2019-08-12T13:49:42.689Z - warn: Please specifiy a default value for "lineDieParticlePrefab" property at its declaration: 😂
    // Before:
    @property(...)
    value;

    // After:
    @property(...)
    value = 0;
2019-08-12T13:49:42.689Z - warn: Should not specify class name MyPhysicsCollider for Component which defines in project.
2019-08-12T13:49:42.689Z - warn: Please specifiy a default value for "physicsNode" property at its declaration: 😂
    // Before:
    @property(...)
    value;

    // After:
    @property(...)
    value = 0;
2019-08-12T13:49:42.689Z - warn: Please specifiy a default value for "ballParent" property at its declaration: 😂
    // Before:
    @property(...)
    value;

    // After:
    @property(...)
    value = 0;
2019-08-12T13:49:42.689Z - warn: Please specifiy a default value for "linesParent" property at its declaration: 😂
    // Before:
    @property(...)
    value;

    // After:
    @property(...)
    value = 0;
2019-08-12T13:49:42.689Z - warn: Please specifiy a default value for "drawLineParticlePrefab" property at its declaration: 😂
    // Before:
    @property(...)
    value;

    // After:
    @property(...)
    value = 0;
2019-08-12T13:49:42.689Z - warn: Please specifiy a default value for "boomBasket" property at its declaration: 😂
    // Before:
    @property(...)
    value;

    // After:
    @property(...)
    value = 0;
2019-08-12T13:49:42.689Z - warn: Please specifiy a default value for "enterScenePanel" property at its declaration: 😂
    // Before:
    @property(...)
    value;

    // After:
    @property(...)
    value = 0;
2019-08-12T13:49:42.689Z - warn: Please specifiy a default value for "menuPanel" property at its declaration: 😂
    // Before:
    @property(...)
    value;

    // After:
    @property(...)
    value = 0;
2019-08-12T13:49:42.689Z - warn: Please specifiy a default value for "produceBasketManager" property at its declaration: 😂
    // Before:
    @property(...)
    value;

    // After:
    @property(...)
    value = 0;
2019-08-12T13:49:42.689Z - warn: Please specifiy a default value for "noticeAndProduceManager" property at its declaration: 😂
    // Before:
    @property(...)
    value;

    // After:
    @property(...)
    value = 0;
2019-08-12T13:49:42.689Z - warn: Please specifiy a default value for "effectPlayManager" property at its declaration: 😂
    // Before:
    @property(...)
    value;

    // After:
    @property(...)
    value = 0;
2019-08-12T13:49:42.689Z - warn: Please specifiy a default value for "levelDataManager" property at its declaration: 😂
    // Before:
    @property(...)
    value;

    // After:
    @property(...)
    value = 0;
2019-08-12T13:49:42.690Z - warn: Please specifiy a default value for "audioPlayManager" property at its declaration: 😂
    // Before:
    @property(...)
    value;

    // After:
    @property(...)
    value = 0;
2019-08-12T13:49:42.690Z - warn: Please specifiy a default value for "uiPanel" property at its declaration: 😂
    // Before:
    @property(...)
    value;

    // After:
    @property(...)
    value = 0;
2019-08-12T13:49:42.690Z - warn: Please specifiy a default value for "lineCount" property at its declaration: 😂
    // Before:
    @property(...)
    value;

    // After:
    @property(...)
    value = 0;
2019-08-12T13:49:42.690Z - warn: Please specifiy a default value for "boom0" property at its declaration: 😂
    // Before:
    @property(...)
    value;

    // After:
    @property(...)
    value = 0;
2019-08-12T13:49:42.690Z - warn: Please specifiy a default value for "boom1" property at its declaration: 😂
    // Before:
    @property(...)
    value;

    // After:
    @property(...)
    value = 0;
2019-08-12T13:49:42.690Z - warn: Please specifiy a default value for "boom2" property at its declaration: 😂
    // Before:
    @property(...)
    value;

    // After:
    @property(...)
    value = 0;
2019-08-12T13:49:42.690Z - warn: Please specifiy a default value for "boom3" property at its declaration: 😂
    // Before:
    @property(...)
    value;

    // After:
    @property(...)
    value = 0;
2019-08-12T13:49:42.690Z - normal: No need to specify the "type" of "R.path._scale" because cc.Vec2 is a child class of ValueType.
2019-08-12T13:49:42.690Z - normal: No need to specify the "type" of "R.path._position" because cc.Vec2 is a child class of ValueType.
2019-08-12T13:49:42.690Z - normal: No need to specify the "type" of "R.group._scale" because cc.Vec2 is a child class of ValueType.
2019-08-12T13:49:42.690Z - normal: No need to specify the "type" of "R.group._position" because cc.Vec2 is a child class of ValueType.
2019-08-12T13:52:59.093Z - warn: Please specifiy a default value for "bgAudio" property at its declaration: 😂
    // Before:
    @property(...)
    value;

    // After:
    @property(...)
    value = 0;
2019-08-12T13:52:59.094Z - warn: Please specifiy a default value for "audioSource" property at its declaration: 😂
    // Before:
    @property(...)
    value;

    // After:
    @property(...)
    value = 0;
2019-08-12T13:52:59.094Z - warn: Please specifiy a default value for "backSprit" property at its declaration: 😂
    // Before:
    @property(...)
    value;

    // After:
    @property(...)
    value = 0;
2019-08-12T13:52:59.094Z - warn: Please specifiy a default value for "frontSprit" property at its declaration: 😂
    // Before:
    @property(...)
    value;

    // After:
    @property(...)
    value = 0;
2019-08-12T13:52:59.094Z - warn: Please specifiy a default value for "smallBasket" property at its declaration: 😂
    // Before:
    @property(...)
    value;

    // After:
    @property(...)
    value = 0;
2019-08-12T13:52:59.094Z - warn: Please specifiy a default value for "bigBasketL" property at its declaration: 😂
    // Before:
    @property(...)
    value;

    // After:
    @property(...)
    value = 0;
2019-08-12T13:52:59.094Z - warn: Please specifiy a default value for "bigBasketR" property at its declaration: 😂
    // Before:
    @property(...)
    value;

    // After:
    @property(...)
    value = 0;
2019-08-12T13:52:59.094Z - warn: Please specifiy a default value for "basketBackParent" property at its declaration: 😂
    // Before:
    @property(...)
    value;

    // After:
    @property(...)
    value = 0;
2019-08-12T13:52:59.094Z - warn: Please specifiy a default value for "basketFrontParent" property at its declaration: 😂
    // Before:
    @property(...)
    value;

    // After:
    @property(...)
    value = 0;
2019-08-12T13:52:59.094Z - warn: Please specifiy a default value for "basketParent" property at its declaration: 😂
    // Before:
    @property(...)
    value;

    // After:
    @property(...)
    value = 0;
2019-08-12T13:52:59.095Z - warn: Please specifiy a default value for "ballParent" property at its declaration: 😂
    // Before:
    @property(...)
    value;

    // After:
    @property(...)
    value = 0;
2019-08-12T13:52:59.095Z - warn: Please specifiy a default value for "ballGuide" property at its declaration: 😂
    // Before:
    @property(...)
    value;

    // After:
    @property(...)
    value = 0;
2019-08-12T13:52:59.095Z - warn: Please specifiy a default value for "bombGuide" property at its declaration: 😂
    // Before:
    @property(...)
    value;

    // After:
    @property(...)
    value = 0;
2019-08-12T13:52:59.095Z - warn: Please specifiy a default value for "ball" property at its declaration: 😂
    // Before:
    @property(...)
    value;

    // After:
    @property(...)
    value = 0;
2019-08-12T13:52:59.095Z - warn: Please specifiy a default value for "bomb" property at its declaration: 😂
    // Before:
    @property(...)
    value;

    // After:
    @property(...)
    value = 0;
2019-08-12T13:52:59.095Z - warn: Please specifiy a default value for "produceBasketManager" property at its declaration: 😂
    // Before:
    @property(...)
    value;

    // After:
    @property(...)
    value = 0;
2019-08-12T13:52:59.096Z - warn: Please specifiy a default value for "enterBallAni" property at its declaration: 😂
    // Before:
    @property(...)
    value;

    // After:
    @property(...)
    value = 0;
2019-08-12T13:52:59.096Z - warn: Please specifiy a default value for "score" property at its declaration: 😂
    // Before:
    @property(...)
    value;

    // After:
    @property(...)
    value = 0;
2019-08-12T13:52:59.096Z - warn: Please specifiy a default value for "bombBasket" property at its declaration: 😂
    // Before:
    @property(...)
    value;

    // After:
    @property(...)
    value = 0;
2019-08-12T13:52:59.096Z - warn: Please specifiy a default value for "lineDieParticlePrefab" property at its declaration: 😂
    // Before:
    @property(...)
    value;

    // After:
    @property(...)
    value = 0;
2019-08-12T13:52:59.098Z - warn: Should not specify class name MyPhysicsCollider for Component which defines in project.
2019-08-12T13:52:59.099Z - warn: Please specifiy a default value for "physicsNode" property at its declaration: 😂
    // Before:
    @property(...)
    value;

    // After:
    @property(...)
    value = 0;
2019-08-12T13:52:59.099Z - warn: Please specifiy a default value for "ballParent" property at its declaration: 😂
    // Before:
    @property(...)
    value;

    // After:
    @property(...)
    value = 0;
2019-08-12T13:52:59.099Z - warn: Please specifiy a default value for "linesParent" property at its declaration: 😂
    // Before:
    @property(...)
    value;

    // After:
    @property(...)
    value = 0;
2019-08-12T13:52:59.099Z - warn: Please specifiy a default value for "drawLineParticlePrefab" property at its declaration: 😂
    // Before:
    @property(...)
    value;

    // After:
    @property(...)
    value = 0;
2019-08-12T13:52:59.099Z - warn: Please specifiy a default value for "boomBasket" property at its declaration: 😂
    // Before:
    @property(...)
    value;

    // After:
    @property(...)
    value = 0;
2019-08-12T13:52:59.099Z - warn: Please specifiy a default value for "enterScenePanel" property at its declaration: 😂
    // Before:
    @property(...)
    value;

    // After:
    @property(...)
    value = 0;
2019-08-12T13:52:59.099Z - warn: Please specifiy a default value for "menuPanel" property at its declaration: 😂
    // Before:
    @property(...)
    value;

    // After:
    @property(...)
    value = 0;
2019-08-12T13:52:59.099Z - warn: Please specifiy a default value for "produceBasketManager" property at its declaration: 😂
    // Before:
    @property(...)
    value;

    // After:
    @property(...)
    value = 0;
2019-08-12T13:52:59.099Z - warn: Please specifiy a default value for "noticeAndProduceManager" property at its declaration: 😂
    // Before:
    @property(...)
    value;

    // After:
    @property(...)
    value = 0;
2019-08-12T13:52:59.099Z - warn: Please specifiy a default value for "effectPlayManager" property at its declaration: 😂
    // Before:
    @property(...)
    value;

    // After:
    @property(...)
    value = 0;
2019-08-12T13:52:59.099Z - warn: Please specifiy a default value for "levelDataManager" property at its declaration: 😂
    // Before:
    @property(...)
    value;

    // After:
    @property(...)
    value = 0;
2019-08-12T13:52:59.100Z - warn: Please specifiy a default value for "audioPlayManager" property at its declaration: 😂
    // Before:
    @property(...)
    value;

    // After:
    @property(...)
    value = 0;
2019-08-12T13:52:59.100Z - warn: Please specifiy a default value for "uiPanel" property at its declaration: 😂
    // Before:
    @property(...)
    value;

    // After:
    @property(...)
    value = 0;
2019-08-12T13:52:59.100Z - warn: Please specifiy a default value for "lineCount" property at its declaration: 😂
    // Before:
    @property(...)
    value;

    // After:
    @property(...)
    value = 0;
2019-08-12T13:52:59.100Z - warn: Please specifiy a default value for "boom0" property at its declaration: 😂
    // Before:
    @property(...)
    value;

    // After:
    @property(...)
    value = 0;
2019-08-12T13:52:59.100Z - warn: Please specifiy a default value for "boom1" property at its declaration: 😂
    // Before:
    @property(...)
    value;

    // After:
    @property(...)
    value = 0;
2019-08-12T13:52:59.100Z - warn: Please specifiy a default value for "boom2" property at its declaration: 😂
    // Before:
    @property(...)
    value;

    // After:
    @property(...)
    value = 0;
2019-08-12T13:52:59.100Z - warn: Please specifiy a default value for "boom3" property at its declaration: 😂
    // Before:
    @property(...)
    value;

    // After:
    @property(...)
    value = 0;
2019-08-12T13:52:59.106Z - normal: No need to specify the "type" of "R.path._scale" because cc.Vec2 is a child class of ValueType.
2019-08-12T13:52:59.106Z - normal: No need to specify the "type" of "R.path._position" because cc.Vec2 is a child class of ValueType.
2019-08-12T13:52:59.108Z - normal: No need to specify the "type" of "R.group._scale" because cc.Vec2 is a child class of ValueType.
2019-08-12T13:52:59.108Z - normal: No need to specify the "type" of "R.group._position" because cc.Vec2 is a child class of ValueType.
2019-08-12T13:59:15.446Z - info: shutdown preview server
